Primul polinom:
1*X^4 + 3*X^3 - 2*X^2 + 0*X^1 - 1*X^0
Al doilea polinom:
1*X^4 - 1*X^3 + 3*X^2 + 2*X^1 + 1*X^0
YES
Opusul celui de al doilea polinom este: 
-1*X^4 + 1*X^3 - 3*X^2 - 2*X^1 - 1*X^0
O copie a celui de al doilea polinom:
1*X^4 - 1*X^3 + 3*X^2 + 2*X^1 + 1*X^0
Coeficientul termenului de grad 2 al primului polinom:
-2
Evaluarea celui de al doilea polinom in valoarea 2:
25
Suma celor doua polinoame:
2*X^4 + 2*X^3 + 1*X^2 + 2*X^1 + 0*X^0
Diferenta celor doua polinoame:
4*X^3 - 5*X^2 - 2*X^1 - 2*X^0
Produsul celor doua polinoame:
1*X^8 + 2*X^7 - 2*X^6 + 13*X^5 + 0*X^4 + 0*X^3 - 5*X^2 - 2*X^1 - 1*X^0
Catul celor doua polinoame:
1*X^0
Restul celor doua polinoame:
4*X^3 - 5*X^2 - 2*X^1 - 2*X^0
Este 1 radacina a polinomului: 3*X^3 - 2*X^2 + 0*X^1 - 1*X^0 ?
DA!
